{
  "stats": {
    "suites": 1,
    "tests": 1,
    "passes": 1,
    "pending": 0,
    "failures": 0,
    "start": "2021-06-20T10:25:17.938Z",
    "end": "2021-06-20T10:26:06.722Z",
    "duration": 48784,
    "testsRegistered": 1,
    "passPercent": 100,
    "pendingPercent": 0,
    "other": 0,
    "hasOther": false,
    "skipped": 0,
    "hasSkipped": false
  },
  "results": [
    {
      "uuid": "b95d7b9a-bba6-41e7-95aa-c01e0d1e8d1e",
      "title": "",
      "fullFile": "cypress/integration/home_page_spec.js",
      "file": "cypress/integration/home_page_spec.js",
      "beforeHooks": [],
      "afterHooks": [],
      "tests": [],
      "suites": [
        {
          "uuid": "6e8541a8-09bb-48a7-a476-58b5de06051b",
          "title": "Request demo of walkme-workstation",
          "fullFile": "",
          "file": "",
          "beforeHooks": [],
          "afterHooks": [],
          "tests": [
            {
              "title": "Positive flow submit form for new customer was successful",
              "fullTitle": "Request demo of walkme-workstation Positive flow submit form for new customer was successful",
              "timedOut": null,
              "duration": 48613,
              "state": "passed",
              "speed": "slow",
              "pass": true,
              "fail": false,
              "pending": false,
              "context": null,
              "code": "newDemo.enterFirstName();\nnewDemo.enterLastName();\nnewDemo.enterEmail();\nnewDemo.enterCompany();\nnewDemo.enterPhone();\nnewDemo.isCustomerExistDropdown(); //new customer\nnewDemo.clickSubmitForm();",
              "err": {},
              "uuid": "57560ad9-f794-449f-b937-df5447492d76",
              "parentUUID": "6e8541a8-09bb-48a7-a476-58b5de06051b",
              "isHook": false,
              "skipped": false
            }
          ],
          "suites": [],
          "passes": [
            "57560ad9-f794-449f-b937-df5447492d76"
          ],
          "failures": [],
          "pending": [],
          "skipped": [],
          "duration": 48613,
          "root": false,
          "rootEmpty": false,
          "_timeout": 2000
        }
      ],
      "passes": [],
      "failures": [],
      "pending": [],
      "skipped": [],
      "duration": 0,
      "root": true,
      "rootEmpty": true,
      "_timeout": 2000
    }
  ],
  "meta": {
    "mocha": {
      "version": "7.0.1"
    },
    "mochawesome": {
      "options": {
        "quiet": false,
        "reportFilename": "mochawesome",
        "saveHtml": false,
        "saveJson": true,
        "consoleReporter": "spec",
        "useInlineDiffs": false,
        "code": true
      },
      "version": "6.2.2"
    },
    "marge": {
      "options": {
        "charts": true,
        "overwrite": false,
        "html": false,
        "json": true,
        "inline": true
      },
      "version": "5.2.0"
    }
  }
}